2023.01.08 17:49:08 INFO  tracing is disabled for protocol LSP, to enable tracing of incoming and outgoing JSON messages create an empty file at /Users/nidhiberde/JavaRun/.metals/lsp.trace.json or /Users/nidhiberde/Library/Caches/org.scalameta.metals/lsp.trace.json
2023.01.08 17:49:09 INFO  logging to file /Users/nidhiberde/JavaRun/.metals/metals.log
2023.01.08 17:49:09 INFO  Started: Metals version 0.11.10 in workspace '/Users/nidhiberde/JavaRun' for client Visual Studio Code 1.74.2.
SLF4J: No SLF4J providers were found.
SLF4J: Defaulting to no-operation (NOP) logger implementation
SLF4J: See https://www.slf4j.org/codes.html#noProviders for further details.
SLF4J: Class path contains SLF4J bindings targeting slf4j-api versions 1.7.x or earlier.
SLF4J: Ignoring binding found at [jar:file:/Users/nidhiberde/Library/Caches/Coursier/v1/https/repo1.maven.org/maven2/com/outr/scribe-slf4j_2.13/3.10.5/scribe-slf4j_2.13-3.10.5.jar!/org/slf4j/impl/StaticLoggerBinder.class]
SLF4J: See https://www.slf4j.org/codes.html#ignoredBindings for an explanation.
2023.01.08 17:49:11 INFO  time: initialize in 2.12s
2023.01.08 17:49:18 WARN  Build server is not auto-connectable.
2023.01.08 17:49:18 WARN  no build tool detected in workspace '/Users/nidhiberde/JavaRun'. The most common cause for this problem is that the editor was opened in the wrong working directory, for example if you use sbt then the workspace directory should contain build.sbt. 
2023.01.08 17:49:18 WARN  no build target for: /Users/nidhiberde/JavaRun/hello-world/src/main/scala/Main.scala
2023.01.08 17:49:27 INFO  no build target found for /Users/nidhiberde/JavaRun/hello-world/src/main/scala/Main.scala. Using presentation compiler with project's scala-library version: 3.2.1
Jan 08, 2023 5:49:28 PM org.eclipse.lsp4j.jsonrpc.RemoteEndpoint handleCancellation
WARNING: Unmatched cancel notification for request id 3
Jan 08, 2023 5:49:28 PM org.eclipse.lsp4j.jsonrpc.RemoteEndpoint handleCancellation
WARNING: Unmatched cancel notification for request id 2
Jan 08, 2023 5:49:28 PM org.eclipse.lsp4j.jsonrpc.RemoteEndpoint handleCancellation
WARNING: Unmatched cancel notification for request id 1
2023.01.08 17:49:28 WARN  no build target for: /Users/nidhiberde/JavaRun/hello-world/src/main/scala/Practice.scala
2023.01.08 17:49:28 WARN  no build target for: /Users/nidhiberde/JavaRun/hello-world/src/main/scala/Try.scala
2023.01.08 17:49:28 WARN  no build target for: /Users/nidhiberde/JavaRun/hello-world/src/main/scala/Practice.scala
2023.01.08 17:49:31 INFO  time: code lens generation in 13s
2023.01.08 17:49:32 INFO  time: code lens generation in 3.45s
2023.01.08 17:49:32 INFO  time: code lens generation in 3.99s
2023.01.08 17:49:32 INFO  time: code lens generation in 3.96s
2023.01.15 19:34:21 INFO  tracing is disabled for protocol LSP, to enable tracing of incoming and outgoing JSON messages create an empty file at /Users/nidhiberde/JavaRun/.metals/lsp.trace.json or /Users/nidhiberde/Library/Caches/org.scalameta.metals/lsp.trace.json
2023.01.15 19:34:22 INFO  logging to file /Users/nidhiberde/JavaRun/.metals/metals.log
2023.01.15 19:34:22 INFO  Started: Metals version 0.11.10 in workspace '/Users/nidhiberde/JavaRun' for client Visual Studio Code 1.74.2.
SLF4J: No SLF4J providers were found.
SLF4J: Defaulting to no-operation (NOP) logger implementation
SLF4J: See https://www.slf4j.org/codes.html#noProviders for further details.
SLF4J: Class path contains SLF4J bindings targeting slf4j-api versions 1.7.x or earlier.
SLF4J: Ignoring binding found at [jar:file:/Users/nidhiberde/Library/Caches/Coursier/v1/https/repo1.maven.org/maven2/com/outr/scribe-slf4j_2.13/3.10.5/scribe-slf4j_2.13-3.10.5.jar!/org/slf4j/impl/StaticLoggerBinder.class]
SLF4J: See https://www.slf4j.org/codes.html#ignoredBindings for an explanation.
2023.01.15 19:34:27 INFO  time: initialize in 5.45s
2023.01.15 19:34:34 WARN  Build server is not auto-connectable.
2023.01.15 19:34:34 WARN  no build tool detected in workspace '/Users/nidhiberde/JavaRun'. The most common cause for this problem is that the editor was opened in the wrong working directory, for example if you use sbt then the workspace directory should contain build.sbt. 
2023.01.15 19:34:34 WARN  no build target for: /Users/nidhiberde/JavaRun/hello-world/src/main/scala/Practice.scala
2023.01.15 19:34:43 INFO  no build target found for /Users/nidhiberde/JavaRun/hello-world/src/main/scala/Practice.scala. Using presentation compiler with project's scala-library version: 3.2.1
2023.01.15 19:34:44 WARN  no build target for: /Users/nidhiberde/JavaRun/hello-world/src/main/scala/Main.scala
Jan 15, 2023 7:34:44 PM org.eclipse.lsp4j.jsonrpc.RemoteEndpoint handleCancellation
WARNING: Unmatched cancel notification for request id 8
Jan 15, 2023 7:34:44 PM org.eclipse.lsp4j.jsonrpc.RemoteEndpoint handleCancellation
WARNING: Unmatched cancel notification for request id 7
2023.01.15 19:34:44 WARN  no build target for: /Users/nidhiberde/JavaRun/hello-world/src/main/scala/Practice.scala
2023.01.15 19:34:47 INFO  time: code lens generation in 2.93s
2023.01.15 19:34:47 INFO  time: code lens generation in 13s
2023.01.15 19:34:48 INFO  time: code lens generation in 3.76s
2023.01.15 19:35:47 WARN  no build target for: /Users/nidhiberde/JavaRun/hello-world/src/main/scala/Lists.scala
Jan 15, 2023 7:36:57 PM org.eclipse.lsp4j.jsonrpc.RemoteEndpoint handleCancellation
WARNING: Unmatched cancel notification for request id 153
Jan 15, 2023 7:37:15 PM org.eclipse.lsp4j.jsonrpc.RemoteEndpoint handleCancellation
WARNING: Unmatched cancel notification for request id 225
Jan 15, 2023 7:37:24 PM org.eclipse.lsp4j.jsonrpc.RemoteEndpoint handleCancellation
WARNING: Unmatched cancel notification for request id 267
Jan 15, 2023 7:38:14 PM org.eclipse.lsp4j.jsonrpc.RemoteEndpoint handleCancellation
WARNING: Unmatched cancel notification for request id 412
Jan 15, 2023 7:38:20 PM org.eclipse.lsp4j.jsonrpc.RemoteEndpoint handleCancellation
WARNING: Unmatched cancel notification for request id 424
Jan 15, 2023 7:38:24 PM org.eclipse.lsp4j.jsonrpc.RemoteEndpoint handleCancellation
WARNING: Unmatched cancel notification for request id 464
2023.01.15 19:38:56 WARN  no build target for: /Users/nidhiberde/JavaRun/hello-world/src/main/scala/Practice.scala
2023.01.15 19:40:04 WARN  no build target for: /Users/nidhiberde/JavaRun/hello-world/src/main/scala/Lists.scala
2023.01.15 19:41:48 WARN  no build target for: /Users/nidhiberde/JavaRun/hello-world/src/main/scala/Lists.scala
2023.01.15 19:42:35 WARN  no build target for: /Users/nidhiberde/JavaRun/hello-world/src/main/scala/Lists.scala
2023.01.15 19:42:49 WARN  no build target for: /Users/nidhiberde/JavaRun/hello-world/src/main/scala/Lists.scala
2023.01.15 19:44:21 WARN  no build target for: /Users/nidhiberde/JavaRun/hello-world/src/main/scala/Lists.scala
2023.01.15 19:48:51 WARN  no build target for: /Users/nidhiberde/JavaRun/hello-world/src/main/scala/Lists.scala
Jan 15, 2023 7:52:20 PM org.eclipse.lsp4j.jsonrpc.services.GenericEndpoint notify
INFO: Unsupported notification method: $/setTrace
Jan 15, 2023 8:08:18 PM org.eclipse.lsp4j.jsonrpc.RemoteEndpoint handleCancellation
WARNING: Unmatched cancel notification for request id 835
Jan 15, 2023 8:09:48 PM org.eclipse.lsp4j.jsonrpc.RemoteEndpoint handleCancellation
WARNING: Unmatched cancel notification for request id 1184
2023.01.15 20:09:55 WARN  no build target for: /Users/nidhiberde/JavaRun/hello-world/src/main/scala/Lists.scala
2023.01.15 20:10:18 WARN  no build target for: /Users/nidhiberde/JavaRun/hello-world/src/main/scala/Lists.scala
Jan 15, 2023 8:10:18 PM org.eclipse.lsp4j.jsonrpc.RemoteEndpoint fallbackResponseError
SEVERE: Internal error: scala.meta.internal.metals.debug.BuildTargetNotFoundForPathException: No build target could be found for the path: /Users/nidhiberde/JavaRun/hello-world/src/main/scala/Lists.scala
java.util.concurrent.CompletionException: scala.meta.internal.metals.debug.BuildTargetNotFoundForPathException: No build target could be found for the path: /Users/nidhiberde/JavaRun/hello-world/src/main/scala/Lists.scala
	at java.base/java.util.concurrent.CompletableFuture.encodeThrowable(CompletableFuture.java:331)
	at java.base/java.util.concurrent.CompletableFuture.uniAcceptNow(CompletableFuture.java:743)
	at java.base/java.util.concurrent.CompletableFuture.uniAcceptStage(CompletableFuture.java:731)
	at java.base/java.util.concurrent.CompletableFuture.thenAcceptAsync(CompletableFuture.java:2112)
	at scala.concurrent.java8.FuturesConvertersImpl$CF.thenAccept(FutureConvertersImpl.scala:37)
	at org.eclipse.lsp4j.jsonrpc.RemoteEndpoint.handleRequest(RemoteEndpoint.java:279)
	at org.eclipse.lsp4j.jsonrpc.RemoteEndpoint.consume(RemoteEndpoint.java:190)
	at org.eclipse.lsp4j.jsonrpc.json.StreamMessageProducer.handleMessage(StreamMessageProducer.java:194)
	at org.eclipse.lsp4j.jsonrpc.json.StreamMessageProducer.listen(StreamMessageProducer.java:94)
	at org.eclipse.lsp4j.jsonrpc.json.ConcurrentMessageProcessor.run(ConcurrentMessageProcessor.java:113)
	at java.base/java.util.concurrent.Executors$RunnableAdapter.call(Executors.java:515)
	at java.base/java.util.concurrent.FutureTask.run(FutureTask.java:264)
	at java.base/java.util.concurrent.ThreadPoolExecutor.runWorker(ThreadPoolExecutor.java:1128)
	at java.base/java.util.concurrent.ThreadPoolExecutor$Worker.run(ThreadPoolExecutor.java:628)
	at java.base/java.lang.Thread.run(Thread.java:829)
Caused by: scala.meta.internal.metals.debug.BuildTargetNotFoundForPathException: No build target could be found for the path: /Users/nidhiberde/JavaRun/hello-world/src/main/scala/Lists.scala
	at scala.meta.internal.metals.debug.DebugProvider.debugDiscovery(DebugProvider.scala:400)
	at scala.meta.internal.metals.MetalsLanguageServer.executeCommand(MetalsLanguageServer.scala:2012)
	at java.base/jdk.internal.reflect.NativeMethodAccessorImpl.invoke0(Native Method)
	at java.base/jdk.internal.reflect.NativeMethodAccessorImpl.invoke(NativeMethodAccessorImpl.java:62)
	at java.base/jdk.internal.reflect.DelegatingMethodAccessorImpl.invoke(DelegatingMethodAccessorImpl.java:43)
	at java.base/java.lang.reflect.Method.invoke(Method.java:566)
	at org.eclipse.lsp4j.jsonrpc.services.GenericEndpoint.lambda$null$0(GenericEndpoint.java:65)
	at org.eclipse.lsp4j.jsonrpc.services.GenericEndpoint.request(GenericEndpoint.java:120)
	at org.eclipse.lsp4j.jsonrpc.RemoteEndpoint.handleRequest(RemoteEndpoint.java:261)
	... 9 more

2023.01.15 20:11:37 WARN  no build target for: /Users/nidhiberde/JavaRun/hello-world/src/main/scala/Lists.scala
2023.01.15 20:12:20 WARN  no build target for: /Users/nidhiberde/JavaRun/hello-world/src/main/scala/Lists.scala
Jan 15, 2023 8:14:33 PM org.eclipse.lsp4j.jsonrpc.RemoteEndpoint handleCancellation
WARNING: Unmatched cancel notification for request id 1319
2023.01.15 20:14:54 WARN  no build target for: /Users/nidhiberde/JavaRun/hello-world/src/main/scala/Lists.scala
2023.01.15 20:14:57 WARN  no build target for: /Users/nidhiberde/JavaRun/hello-world/src/main/scala/Lists.scala
2023.01.15 20:15:45 WARN  no build target for: /Users/nidhiberde/JavaRun/hello-world/src/main/scala/Lists.scala
2023.01.15 20:18:08 WARN  no build target for: /Users/nidhiberde/JavaRun/hello-world/src/main/scala/Lists.scala
2023.01.15 20:20:16 WARN  no build target for: /Users/nidhiberde/JavaRun/hello-world/src/main/scala/Lists.scala
2023.01.15 20:23:25 WARN  no build target for: /Users/nidhiberde/JavaRun/hello-world/src/main/scala/Lists.scala
2023.01.15 20:28:34 WARN  no build target for: /Users/nidhiberde/JavaRun/hello-world/src/main/scala/Lists.scala
2023.01.15 20:56:55 WARN  no build target for: /Users/nidhiberde/JavaRun/hello-world/src/main/scala/Lists.scala
2023.01.15 20:57:05 WARN  no build target for: /Users/nidhiberde/JavaRun/hello-world/src/main/scala/Lists.scala
2023.01.15 20:57:06 WARN  no build target for: /Users/nidhiberde/JavaRun/hello-world/src/main/scala/Lists.scala
2023.01.15 20:57:06 WARN  no build target for: /Users/nidhiberde/JavaRun/hello-world/src/main/scala/Lists.scala
2023.01.15 20:59:55 WARN  no build target for: /Users/nidhiberde/JavaRun/hello-world/src/main/scala/ProjectGrocery.scala
Jan 15, 2023 9:00:25 PM org.eclipse.lsp4j.jsonrpc.RemoteEndpoint handleCancellation
WARNING: Unmatched cancel notification for request id 1921
Jan 15, 2023 9:12:03 PM org.eclipse.lsp4j.jsonrpc.RemoteEndpoint handleCancellation
WARNING: Unmatched cancel notification for request id 3089
2023.01.15 21:12:31 WARN  no build target for: /Users/nidhiberde/JavaRun/hello-world/src/main/scala/ProjectGrocery.scala
Jan 15, 2023 9:14:18 PM org.eclipse.lsp4j.jsonrpc.RemoteEndpoint handleCancellation
WARNING: Unmatched cancel notification for request id 3364
2023.01.15 21:17:32 WARN  no build target for: /Users/nidhiberde/JavaRun/hello-world/src/main/scala/ProjectGrocery.scala
2023.01.15 21:17:48 WARN  no build target for: /Users/nidhiberde/JavaRun/hello-world/src/main/scala/ProjectGrocery.scala
Jan 15, 2023 11:33:09 PM org.eclipse.lsp4j.jsonrpc.RemoteEndpoint handleCancellation
WARNING: Unmatched cancel notification for request id 3926
Jan 16, 2023 12:39:59 AM org.eclipse.lsp4j.jsonrpc.RemoteEndpoint handleCancellation
WARNING: Unmatched cancel notification for request id 4878
Jan 16, 2023 12:41:54 AM org.eclipse.lsp4j.jsonrpc.RemoteEndpoint handleCancellation
WARNING: Unmatched cancel notification for request id 5102
2023.01.16 00:43:12 WARN  no build target for: /Users/nidhiberde/JavaRun/hello-world/src/main/scala/ProjectGrocery.scala
Jan 16, 2023 12:43:39 AM org.eclipse.lsp4j.jsonrpc.RemoteEndpoint handleCancellation
WARNING: Unmatched cancel notification for request id 5288
2023.01.16 00:43:49 WARN  no build target for: /Users/nidhiberde/JavaRun/hello-world/src/main/scala/ProjectGrocery.scala
2023.01.16 00:44:06 WARN  no build target for: /Users/nidhiberde/JavaRun/hello-world/src/main/scala/ProjectGrocery.scala
2023.01.16 00:45:19 WARN  no build target for: /Users/nidhiberde/JavaRun/hello-world/src/main/scala/ProjectGrocery.scala
2023.01.16 00:45:19 WARN  no build target for: /Users/nidhiberde/JavaRun/hello-world/src/main/scala/ProjectGrocery.scala
2023.01.16 00:45:37 WARN  no build target for: /Users/nidhiberde/JavaRun/hello-world/src/main/scala/ProjectGrocery.scala
2023.01.16 00:48:16 WARN  no build target for: /Users/nidhiberde/JavaRun/hello-world/src/main/scala/ProjectGrocery.scala
2023.01.16 00:48:22 WARN  no build target for: /Users/nidhiberde/JavaRun/hello-world/src/main/scala/ProjectGrocery.scala
2023.01.16 00:48:51 WARN  no build target for: /Users/nidhiberde/JavaRun/hello-world/src/main/scala/ProjectGrocery.scala
2023.01.16 00:48:52 WARN  no build target for: /Users/nidhiberde/JavaRun/hello-world/src/main/scala/ProjectGrocery.scala
2023.01.16 00:51:24 WARN  no build target for: /Users/nidhiberde/JavaRun/hello-world/src/main/scala/ProjectGrocery.scala
2023.01.16 00:53:55 WARN  no build target for: /Users/nidhiberde/JavaRun/hello-world/src/main/scala/ProjectGrocery.scala
Jan 16, 2023 12:55:35 AM org.eclipse.lsp4j.jsonrpc.RemoteEndpoint handleCancellation
WARNING: Unmatched cancel notification for request id 5703
2023.01.16 00:55:48 WARN  no build target for: /Users/nidhiberde/JavaRun/hello-world/src/main/scala/ProjectGrocery.scala
2023.01.16 00:55:48 WARN  no build target for: /Users/nidhiberde/JavaRun/hello-world/src/main/scala/ProjectGrocery.scala
2023.01.16 00:55:49 WARN  no build target for: /Users/nidhiberde/JavaRun/hello-world/src/main/scala/ProjectGrocery.scala
2023.01.16 00:55:48 WARN  no build target for: /Users/nidhiberde/JavaRun/hello-world/src/main/scala/ProjectGrocery.scala
2023.01.16 00:55:49 WARN  no build target for: /Users/nidhiberde/JavaRun/hello-world/src/main/scala/ProjectGrocery.scala
2023.01.16 00:55:50 WARN  no build target for: /Users/nidhiberde/JavaRun/hello-world/src/main/scala/ProjectGrocery.scala
2023.01.16 00:55:50 WARN  no build target for: /Users/nidhiberde/JavaRun/hello-world/src/main/scala/ProjectGrocery.scala
2023.01.16 00:57:24 WARN  no build target for: /Users/nidhiberde/JavaRun/hello-world/src/main/scala/ProjectGrocery.scala
2023.01.16 00:57:24 WARN  no build target for: /Users/nidhiberde/JavaRun/hello-world/src/main/scala/ProjectGrocery.scala
2023.01.16 00:57:24 WARN  no build target for: /Users/nidhiberde/JavaRun/hello-world/src/main/scala/ProjectGrocery.scala
2023.01.16 01:13:08 WARN  no build target for: /Users/nidhiberde/JavaRun/hello-world/src/main/scala/ProjectGrocery.scala
2023.01.16 01:24:15 WARN  no build target for: /Users/nidhiberde/JavaRun/hello-world/src/main/scala/Maps.scala
Jan 16, 2023 1:24:42 AM org.eclipse.lsp4j.jsonrpc.RemoteEndpoint handleCancellation
WARNING: Unmatched cancel notification for request id 5785
Jan 16, 2023 1:25:55 AM org.eclipse.lsp4j.jsonrpc.RemoteEndpoint handleCancellation
WARNING: Unmatched cancel notification for request id 5990
Jan 16, 2023 1:25:55 AM org.eclipse.lsp4j.jsonrpc.RemoteEndpoint handleCancellation
WARNING: Unmatched cancel notification for request id 5988
Jan 16, 2023 1:26:07 AM org.eclipse.lsp4j.jsonrpc.RemoteEndpoint handleCancellation
WARNING: Unmatched cancel notification for request id 6056
Jan 16, 2023 1:26:11 AM org.eclipse.lsp4j.jsonrpc.RemoteEndpoint handleCancellation
WARNING: Unmatched cancel notification for request id 6077
Jan 16, 2023 1:28:29 AM org.eclipse.lsp4j.jsonrpc.RemoteEndpoint handleCancellation
WARNING: Unmatched cancel notification for request id 6487
Jan 16, 2023 1:35:57 AM org.eclipse.lsp4j.jsonrpc.RemoteEndpoint handleCancellation
WARNING: Unmatched cancel notification for request id 6971
2023.01.16 01:36:11 WARN  no build target for: /Users/nidhiberde/JavaRun/hello-world/src/main/scala/Maps.scala
2023.01.16 01:36:11 WARN  no build target for: /Users/nidhiberde/JavaRun/hello-world/src/main/scala/Maps.scala
2023.01.16 01:36:11 WARN  no build target for: /Users/nidhiberde/JavaRun/hello-world/src/main/scala/Maps.scala
2023.01.16 01:37:00 WARN  no build target for: /Users/nidhiberde/JavaRun/hello-world/src/main/scala/Maps.scala
2023.01.16 01:37:27 WARN  no build target for: /Users/nidhiberde/JavaRun/hello-world/src/main/scala/Maps.scala
2023.01.16 01:37:48 WARN  no build target for: /Users/nidhiberde/JavaRun/hello-world/src/main/scala/Maps.scala
2023.01.16 01:38:44 WARN  no build target for: /Users/nidhiberde/JavaRun/hello-world/src/main/scala/Maps.scala
2023.01.16 01:41:06 WARN  no build target for: /Users/nidhiberde/JavaRun/hello-world/src/main/scala/Maps.scala
2023.01.16 01:41:06 WARN  no build target for: /Users/nidhiberde/JavaRun/hello-world/src/main/scala/Maps.scala
2023.01.16 01:45:34 WARN  no build target for: /Users/nidhiberde/JavaRun/hello-world/src/main/scala/Maps.scala
2023.01.16 01:45:44 WARN  no build target for: /Users/nidhiberde/JavaRun/hello-world/src/main/scala/Maps.scala
2023.01.16 01:46:12 WARN  no build target for: /Users/nidhiberde/JavaRun/hello-world/src/main/scala/Maps.scala
2023.01.16 01:47:26 WARN  no build target for: /Users/nidhiberde/JavaRun/hello-world/src/main/scala/Maps.scala
2023.01.16 01:47:26 WARN  no build target for: /Users/nidhiberde/JavaRun/hello-world/src/main/scala/Maps.scala
2023.01.16 01:47:27 WARN  no build target for: /Users/nidhiberde/JavaRun/hello-world/src/main/scala/Maps.scala
2023.01.16 01:47:26 WARN  no build target for: /Users/nidhiberde/JavaRun/hello-world/src/main/scala/Maps.scala
Jan 16, 2023 1:50:46 AM org.eclipse.lsp4j.jsonrpc.RemoteEndpoint handleCancellation
WARNING: Unmatched cancel notification for request id 7525
Jan 16, 2023 1:51:33 AM org.eclipse.lsp4j.jsonrpc.RemoteEndpoint handleCancellation
WARNING: Unmatched cancel notification for request id 7723
Jan 16, 2023 1:51:33 AM org.eclipse.lsp4j.jsonrpc.RemoteEndpoint handleCancellation
WARNING: Unmatched cancel notification for request id 7732
Jan 16, 2023 1:51:49 AM org.eclipse.lsp4j.jsonrpc.RemoteEndpoint handleCancellation
WARNING: Unmatched cancel notification for request id 7819
Jan 16, 2023 1:51:49 AM org.eclipse.lsp4j.jsonrpc.RemoteEndpoint handleCancellation
WARNING: Unmatched cancel notification for request id 7817
Jan 16, 2023 1:51:53 AM org.eclipse.lsp4j.jsonrpc.RemoteEndpoint handleCancellation
WARNING: Unmatched cancel notification for request id 7859
2023.01.16 01:52:22 WARN  no build target for: /Users/nidhiberde/JavaRun/hello-world/src/main/scala/Maps.scala
2023.01.16 01:52:22 WARN  no build target for: /Users/nidhiberde/JavaRun/hello-world/src/main/scala/Maps.scala
2023.01.16 01:52:23 WARN  no build target for: /Users/nidhiberde/JavaRun/hello-world/src/main/scala/Maps.scala
2023.01.16 01:52:23 WARN  no build target for: /Users/nidhiberde/JavaRun/hello-world/src/main/scala/Maps.scala
2023.01.16 01:52:32 WARN  no build target for: /Users/nidhiberde/JavaRun/hello-world/src/main/scala/Maps.scala
2023.01.16 01:52:32 WARN  no build target for: /Users/nidhiberde/JavaRun/hello-world/src/main/scala/Maps.scala
2023.01.16 01:53:52 WARN  no build target for: /Users/nidhiberde/JavaRun/hello-world/src/main/scala/Maps.scala
2023.01.16 01:53:53 WARN  no build target for: /Users/nidhiberde/JavaRun/hello-world/src/main/scala/Maps.scala
2023.01.16 01:54:31 WARN  no build target for: /Users/nidhiberde/JavaRun/hello-world/src/main/scala/Maps.scala
2023.01.16 01:54:31 WARN  no build target for: /Users/nidhiberde/JavaRun/hello-world/src/main/scala/Maps.scala
2023.01.16 01:54:31 WARN  no build target for: /Users/nidhiberde/JavaRun/hello-world/src/main/scala/Maps.scala
2023.01.16 01:54:32 WARN  no build target for: /Users/nidhiberde/JavaRun/hello-world/src/main/scala/Maps.scala
2023.01.16 01:54:51 WARN  no build target for: /Users/nidhiberde/JavaRun/hello-world/src/main/scala/Maps.scala
2023.01.16 01:54:51 WARN  no build target for: /Users/nidhiberde/JavaRun/hello-world/src/main/scala/Maps.scala
2023.01.16 01:57:03 WARN  no build target for: /Users/nidhiberde/JavaRun/hello-world/src/main/scala/Maps.scala
2023.01.16 01:57:03 WARN  no build target for: /Users/nidhiberde/JavaRun/hello-world/src/main/scala/Maps.scala
2023.01.16 01:57:03 WARN  no build target for: /Users/nidhiberde/JavaRun/hello-world/src/main/scala/Maps.scala
2023.01.16 01:57:04 WARN  no build target for: /Users/nidhiberde/JavaRun/hello-world/src/main/scala/Maps.scala
2023.01.16 12:17:53 WARN  no build target for: /Users/nidhiberde/JavaRun/hello-world/src/main/scala/Stacks.scala
Jan 16, 2023 12:19:36 PM org.eclipse.lsp4j.jsonrpc.RemoteEndpoint handleCancellation
WARNING: Unmatched cancel notification for request id 8325
Jan 16, 2023 12:33:08 PM org.eclipse.lsp4j.jsonrpc.RemoteEndpoint handleCancellation
WARNING: Unmatched cancel notification for request id 8657
Jan 16, 2023 12:33:18 PM scala.meta.internal.pc.CompilerAccess handleError
SEVERE: NoDenotation.owner
java.lang.AssertionError: NoDenotation.owner
	at dotty.tools.dotc.core.SymDenotations$NoDenotation$.owner(SymDenotations.scala:2511)
	at scala.meta.internal.pc.SignatureHelpProvider$.isValid(SignatureHelpProvider.scala:88)
	at scala.meta.internal.pc.SignatureHelpProvider$.notCurrentApply(SignatureHelpProvider.scala:101)
	at scala.meta.internal.pc.SignatureHelpProvider$.$anonfun$1(SignatureHelpProvider.scala:49)
	at scala.collection.StrictOptimizedLinearSeqOps.loop$3(LinearSeq.scala:280)
	at scala.collection.StrictOptimizedLinearSeqOps.dropWhile(LinearSeq.scala:282)
	at scala.collection.StrictOptimizedLinearSeqOps.dropWhile$(LinearSeq.scala:278)
	at scala.collection.immutable.List.dropWhile(List.scala:79)
	at scala.meta.internal.pc.SignatureHelpProvider$.signatureHelp(SignatureHelpProvider.scala:49)

Jan 16, 2023 12:33:29 PM org.eclipse.lsp4j.jsonrpc.RemoteEndpoint handleCancellation
WARNING: Unmatched cancel notification for request id 8743
2023.01.16 12:35:38 WARN  no build target for: /Users/nidhiberde/JavaRun/hello-world/src/main/scala/Stacks.scala
2023.01.16 12:35:38 WARN  no build target for: /Users/nidhiberde/JavaRun/hello-world/src/main/scala/Stacks.scala
2023.01.16 12:35:38 WARN  no build target for: /Users/nidhiberde/JavaRun/hello-world/src/main/scala/Stacks.scala
2023.01.16 12:35:38 WARN  no build target for: /Users/nidhiberde/JavaRun/hello-world/src/main/scala/Stacks.scala
2023.01.16 12:38:08 WARN  no build target for: /Users/nidhiberde/JavaRun/hello-world/src/main/scala/Stacks.scala
2023.01.16 12:38:08 WARN  no build target for: /Users/nidhiberde/JavaRun/hello-world/src/main/scala/Stacks.scala
Jan 16, 2023 12:42:23 PM org.eclipse.lsp4j.jsonrpc.RemoteEndpoint handleCancellation
WARNING: Unmatched cancel notification for request id 9254
2023.01.16 12:42:27 WARN  no build target for: /Users/nidhiberde/JavaRun/hello-world/src/main/scala/Stacks.scala
2023.01.16 12:45:55 WARN  no build target for: /Users/nidhiberde/JavaRun/hello-world/src/main/scala/Stacks.scala
2023.01.16 12:45:55 WARN  no build target for: /Users/nidhiberde/JavaRun/hello-world/src/main/scala/Stacks.scala
2023.01.16 12:45:55 WARN  no build target for: /Users/nidhiberde/JavaRun/hello-world/src/main/scala/Stacks.scala
2023.01.16 12:45:55 WARN  no build target for: /Users/nidhiberde/JavaRun/hello-world/src/main/scala/Stacks.scala
2023.01.16 12:45:56 WARN  no build target for: /Users/nidhiberde/JavaRun/hello-world/src/main/scala/Stacks.scala
2023.01.16 12:45:56 WARN  no build target for: /Users/nidhiberde/JavaRun/hello-world/src/main/scala/Stacks.scala
2023.01.16 12:47:27 WARN  no build target for: /Users/nidhiberde/JavaRun/hello-world/src/main/scala/Stacks.scala
2023.01.16 12:47:27 WARN  no build target for: /Users/nidhiberde/JavaRun/hello-world/src/main/scala/Stacks.scala
2023.01.16 12:47:28 WARN  no build target for: /Users/nidhiberde/JavaRun/hello-world/src/main/scala/Stacks.scala
2023.01.16 12:47:28 WARN  no build target for: /Users/nidhiberde/JavaRun/hello-world/src/main/scala/Stacks.scala
2023.01.16 12:47:58 WARN  no build target for: /Users/nidhiberde/JavaRun/hello-world/src/main/scala/Stacks.scala
2023.01.16 12:47:58 WARN  no build target for: /Users/nidhiberde/JavaRun/hello-world/src/main/scala/Stacks.scala
2023.01.16 12:48:18 WARN  no build target for: /Users/nidhiberde/JavaRun/hello-world/src/main/scala/Practice.scala
2023.01.16 12:48:36 WARN  no build target for: /Users/nidhiberde/JavaRun/hello-world/src/main/scala/Stacks.scala
2023.01.16 12:48:58 WARN  no build target for: /Users/nidhiberde/JavaRun/hello-world/src/main/scala/Stacks.scala
Jan 16, 2023 1:36:41 PM org.eclipse.lsp4j.jsonrpc.RemoteEndpoint handleCancellation
WARNING: Unmatched cancel notification for request id 9937
2023.01.16 13:37:22 WARN  no build target for: /Users/nidhiberde/JavaRun/hello-world/src/main/scala/Stacks.scala
2023.01.16 13:37:54 WARN  no build target for: /Users/nidhiberde/JavaRun/hello-world/src/main/scala/Stacks.scala
2023.01.16 13:38:32 WARN  no build target for: /Users/nidhiberde/JavaRun/hello-world/src/main/scala/Stacks.scala
2023.01.16 13:44:02 WARN  no build target for: /Users/nidhiberde/JavaRun/hello-world/src/main/scala/Stacks.scala
2023.01.16 13:44:02 WARN  no build target for: /Users/nidhiberde/JavaRun/hello-world/src/main/scala/Stacks.scala
2023.01.16 13:44:02 WARN  no build target for: /Users/nidhiberde/JavaRun/hello-world/src/main/scala/Stacks.scala
2023.01.16 13:44:02 WARN  no build target for: /Users/nidhiberde/JavaRun/hello-world/src/main/scala/Stacks.scala
2023.01.16 13:44:03 WARN  no build target for: /Users/nidhiberde/JavaRun/hello-world/src/main/scala/Stacks.scala
